<?xml version="1.0" encoding="UTF-8"?>
<!-- Generated by org.testng.reporters.JUnitReportReporter -->
<testsuite hostname="LAPTOP-KIRL8D2B" failures="0" tests="1" name="runners.ValidateAccountBalancesRunner_TC6" time="21.149" errors="0" timestamp="2025-03-19T10:51:25 IST" skipped="0">
  <testcase classname="runners.ValidateAccountBalancesRunner_TC6" name="runScenario" time="21.149"/>
  <system-out/>
</testsuite> <!-- runners.ValidateAccountBalancesRunner_TC6 -->
