<?xml version="1.0" encoding="UTF-8"?>
<!-- Generated by org.testng.reporters.JUnitReportReporter -->
<testsuite hostname="LAPTOP-KIRL8D2B" failures="0" tests="1" name="runners.EmptyLoginRunner" time="9.836" errors="0" timestamp="2025-03-19T10:50:21 IST" skipped="0">
  <testcase classname="runners.EmptyLoginRunner" name="runScenario" time="9.836"/>
  <system-out/>
</testsuite> <!-- runners.EmptyLoginRunner -->
