<?xml version="1.0" encoding="UTF-8"?>
<!-- Generated by org.testng.reporters.JUnitReportReporter -->
<testsuite hostname="LAPTOP-KIRL8D2B" failures="0" tests="1" name="runners.AccountSummaryRunner_TC4" time="17.344" errors="0" timestamp="2025-03-19T10:50:48 IST" skipped="0">
  <testcase classname="runners.AccountSummaryRunner_TC4" name="runScenario" time="17.344"/>
  <system-out/>
</testsuite> <!-- runners.AccountSummaryRunner_TC4 -->
