<?xml version="1.0" encoding="UTF-8"?>
<!-- Generated by org.testng.reporters.JUnitReportReporter -->
<testsuite hostname="LAPTOP-KIRL8D2B" failures="0" tests="1" name="runners.FundTransferNegativeAmountRunner_TC8" time="30.239" errors="0" timestamp="2025-03-19T03:07:23 IST" skipped="0">
  <testcase classname="runners.FundTransferNegativeAmountRunner_TC8" name="runScenario" time="30.239"/>
  <system-out/>
</testsuite> <!-- runners.FundTransferNegativeAmountRunner_TC8 -->
