<?xml version="1.0" encoding="UTF-8"?>
<!-- Generated by org.testng.reporters.JUnitReportReporter -->
<testsuite hostname="LAPTOP-KIRL8D2B" failures="0" tests="1" name="runners.PayBillsEmptyAmountRunner_TC11" time="16.969" errors="0" timestamp="2025-03-19T03:07:23 IST" skipped="0">
  <testcase classname="runners.PayBillsEmptyAmountRunner_TC11" name="runScenario" time="16.969"/>
  <system-out/>
</testsuite> <!-- runners.PayBillsEmptyAmountRunner_TC11 -->
