<?xml version="1.0" encoding="UTF-8"?>
<!-- Generated by org.testng.reporters.JUnitReportReporter -->
<testsuite hostname="LAPTOP-KIRL8D2B" failures="0" tests="1" name="runners.FundTransferFuturePaymentRunner_TC10" time="20.063" errors="0" timestamp="2025-03-19T03:07:23 IST" skipped="0">
  <testcase classname="runners.FundTransferFuturePaymentRunner_TC10" name="runScenario" time="20.063"/>
  <system-out/>
</testsuite> <!-- runners.FundTransferFuturePaymentRunner_TC10 -->
