<?xml version="1.0" encoding="UTF-8"?>
<!-- Generated by org.testng.reporters.JUnitReportReporter -->
<testsuite hostname="LAPTOP-KIRL8D2B" failures="0" tests="1" name="runners.ValidateAccountTypesRunner_TC5" time="16.251" errors="0" timestamp="2025-03-19T03:07:23 IST" skipped="0">
  <testcase classname="runners.ValidateAccountTypesRunner_TC5" name="runScenario" time="16.251"/>
  <system-out/>
</testsuite> <!-- runners.ValidateAccountTypesRunner_TC5 -->
