<?xml version="1.0" encoding="UTF-8"?>
<!-- Generated by org.testng.reporters.JUnitReportReporter -->
<testsuite hostname="LAPTOP-KIRL8D2B" failures="0" tests="1" name="runners.TestRunner_15" time="12.178" errors="0" timestamp="2025-03-19T03:07:23 IST" skipped="0">
  <testcase classname="runners.TestRunner_15" name="runScenario" time="12.178"/>
  <system-out/>
</testsuite> <!-- runners.TestRunner_15 -->
