<?xml version="1.0" encoding="UTF-8"?>
<!-- Generated by org.testng.reporters.JUnitReportReporter -->
<testsuite hostname="LAPTOP-KIRL8D2B" failures="0" tests="1" name="runners.InvalidLoginRunner" time="11.258" errors="0" timestamp="2025-03-19T10:49:58 IST" skipped="0">
  <testcase classname="runners.InvalidLoginRunner" name="runScenario" time="11.258"/>
  <system-out/>
</testsuite> <!-- runners.InvalidLoginRunner -->
