<?xml version="1.0" encoding="UTF-8"?>
<!-- Generated by org.testng.reporters.JUnitReportReporter -->
<testsuite hostname="LAPTOP-KIRL8D2B" failures="0" tests="1" name="runners.TestRunner_TC14" time="16.122" errors="0" timestamp="2025-03-19T03:07:23 IST" skipped="0">
  <testcase classname="runners.TestRunner_TC14" name="runScenario" time="16.122"/>
  <system-out/>
</testsuite> <!-- runners.TestRunner_TC14 -->
